Minimum Quality: 20
Threshold: 0.6
Minimum depth: 5
Regions with depth less than minimum depth covered by: N
Reference length: 7043
Positions with 0 depth: 0
Positions with depth below 5: 1
Minimum Quality: 20
Threshold: 0.6
Minimum depth: 5
Regions with depth less than minimum depth covered by: N
Reference length: 7044
Positions with 0 depth: 0
Positions with depth below 5: 0
Minimum Quality: 20
Threshold: 0.6
Minimum depth: 5
Regions with depth less than minimum depth covered by: N
Reference length: 7044
Positions with 0 depth: 0
Positions with depth below 5: 0
