[bam_sort_core] merging from 0 files and 8 in-memory blocks...
[M::bam2fq_mainloop] discarded 0 singletons
[M::bam2fq_mainloop] processed 17449 reads
[mpileup] 1 samples in 1 input files
Minimum Quality: 20
Threshold: 0.6
Minimum depth: 5
Regions with depth less than minimum depth covered by: N
Reference length: 7043
Positions with 0 depth: 0
Positions with depth below 5: 1
[bam_sort_core] merging from 0 files and 8 in-memory blocks...
[mpileup] 1 samples in 1 input files
Minimum Quality: 20
Threshold: 0.6
Minimum depth: 5
Regions with depth less than minimum depth covered by: N
Reference length: 7044
Positions with 0 depth: 0
Positions with depth below 5: 0
[bam_sort_core] merging from 0 files and 8 in-memory blocks...
[mpileup] 1 samples in 1 input files
Minimum Quality: 20
Threshold: 0.6
Minimum depth: 5
Regions with depth less than minimum depth covered by: N
Reference length: 7044
Positions with 0 depth: 0
Positions with depth below 5: 0
[bam_sort_core] merging from 0 files and 8 in-memory blocks...
