Jul-13 16:14:10.144 [main] DEBUG nextflow.cli.Launcher - $> nextflow run main.nf --reads example --outdir /Users/greningerlab/Downloads/revica_test -N aseree@uw.edu
Jul-13 16:14:10.196 [main] INFO  nextflow.cli.CmdRun - N E X T F L O W  ~  version 21.10.6
Jul-13 16:14:10.223 [main] INFO  nextflow.cli.CmdRun - Launching `main.nf` [lonely_magritte] - revision: 0f72857845
Jul-13 16:14:10.239 [main] DEBUG nextflow.config.ConfigBuilder - Found config local: /Users/greningerlab/AS/revica/nextflow.config
Jul-13 16:14:10.241 [main] DEBUG nextflow.config.ConfigBuilder - Parsing config file: /Users/greningerlab/AS/revica/nextflow.config
Jul-13 16:14:10.265 [main] DEBUG nextflow.config.ConfigBuilder - Applying config profile: `standard`
Jul-13 16:14:11.028 [main] DEBUG nextflow.plugin.PluginsFacade - Setting up plugin manager > mode=prod; plugins-dir=/Users/greningerlab/.nextflow/plugins
Jul-13 16:14:11.029 [main] DEBUG nextflow.plugin.PluginsFacade - Plugins default=[]
Jul-13 16:14:11.040 [main] INFO  org.pf4j.DefaultPluginStatusProvider - Enabled plugins: []
Jul-13 16:14:11.041 [main] INFO  org.pf4j.DefaultPluginStatusProvider - Disabled plugins: []
Jul-13 16:14:11.045 [main] INFO  org.pf4j.DefaultPluginManager - PF4J version 3.4.1 in 'deployment' mode
Jul-13 16:14:11.056 [main] INFO  org.pf4j.AbstractPluginManager - No plugins
Jul-13 16:14:11.109 [main] DEBUG nextflow.Session - Session uuid: 130d7ada-aa2f-499d-ad1f-9d97fbf0854b
Jul-13 16:14:11.109 [main] DEBUG nextflow.Session - Run name: lonely_magritte
Jul-13 16:14:11.110 [main] DEBUG nextflow.Session - Executor pool size: 20
Jul-13 16:14:11.155 [main] DEBUG nextflow.cli.CmdRun - 
  Version: 21.10.6 build 5660
  Created: 21-12-2021 16:55 UTC (08:55 PDT)
  System: Mac OS X 11.5.2
  Runtime: Groovy 3.0.9 on OpenJDK 64-Bit Server VM 11.0.13+7-b1751.21
  Encoding: UTF-8 (UTF-8)
  Process: 67149@Jaydees.local [127.0.0.1]
  CPUs: 20 - Mem: 72 GB (5.4 GB) - Swap: 0 (0)
Jul-13 16:14:11.176 [main] DEBUG nextflow.Session - Work-dir: /Users/greningerlab/AS/revica/work [Mac OS X]
Jul-13 16:14:11.195 [main] DEBUG nextflow.executor.ExecutorFactory - Extension executors providers=[]
Jul-13 16:14:11.206 [main] DEBUG nextflow.Session - Observer factory: DefaultObserverFactory
Jul-13 16:14:11.234 [main] DEBUG nextflow.util.CustomThreadPool - Creating default thread pool > poolSize: 21; maxThreads: 1000
Jul-13 16:14:11.327 [main] DEBUG nextflow.Session - Session start invoked
Jul-13 16:14:11.893 [main] DEBUG nextflow.script.ScriptRunner - > Launching execution
Jul-13 16:14:11.923 [main] INFO  nextflow.Nextflow - ________________________________________________________________________________
Jul-13 16:14:11.923 [main] INFO  nextflow.Nextflow -                              REVICA :  v1.2
Jul-13 16:14:11.924 [main] INFO  nextflow.Nextflow - ________________________________________________________________________________
Jul-13 16:14:11.927 [main] INFO  nextflow.Nextflow - Nextflow run name             : lonely_magritte
Revica directory              : /Users/greningerlab/AS/revica
Configuration profile         : standard
Launch directory              : /Users/greningerlab/AS/revica
Input directory               : example
Sequence type                 : Single-End
Output directory              : /Users/greningerlab/Downloads/revica_test
Work directory                : /Users/greningerlab/AS/revica/work
Trimmomatic adapters          : /Users/greningerlab/AS/revica/adapters/adapters.fa
Trimmomatic min read length   : 35
Trimmomatic setting           : 2:30:10:1:true
Trimmomatic sliding Window    : 4:20
Trimmomatic leading           : 3
Trimmomatic trailing          : 3
Jul-13 16:14:11.927 [main] INFO  nextflow.Nextflow - ________________________________________________________________________________
Jul-13 16:14:12.742 [main] DEBUG nextflow.util.CustomThreadPool - Creating default thread pool > poolSize: 21; maxThreads: 1000
Jul-13 16:14:12.849 [main] DEBUG nextflow.script.ProcessConfig - Config settings `withName:Trimming_SE` matches process Trimming_SE
Jul-13 16:14:12.856 [main] DEBUG nextflow.executor.ExecutorFactory - << taskConfig executor: null
Jul-13 16:14:12.857 [main] DEBUG nextflow.executor.ExecutorFactory - >> processorType: 'local'
Jul-13 16:14:12.862 [main] DEBUG nextflow.executor.Executor - [warm up] executor > local
Jul-13 16:14:12.868 [main] DEBUG n.processor.LocalPollingMonitor - Creating local task monitor for executor 'local' > cpus=20; memory=72 GB; capacity=20; pollInterval=100ms; dumpInterval=5m
Jul-13 16:14:12.967 [main] DEBUG nextflow.script.ProcessConfig - Config settings `withName:Aligning_SE` matches process Aligning_SE
Jul-13 16:14:12.970 [main] DEBUG nextflow.executor.ExecutorFactory - << taskConfig executor: null
Jul-13 16:14:12.971 [main] DEBUG nextflow.executor.ExecutorFactory - >> processorType: 'local'
Jul-13 16:14:12.981 [main] DEBUG nextflow.script.ProcessConfig - Config settings `withName:Viral_Identification` matches process Viral_Identification
Jul-13 16:14:12.982 [main] DEBUG nextflow.executor.ExecutorFactory - << taskConfig executor: null
Jul-13 16:14:12.982 [main] DEBUG nextflow.executor.ExecutorFactory - >> processorType: 'local'
Jul-13 16:14:12.993 [main] DEBUG nextflow.script.ProcessConfig - Config settings `withName:Consensus_Generation_Prep_SE` matches process Consensus_Generation_Prep_SE
Jul-13 16:14:12.994 [main] DEBUG nextflow.executor.ExecutorFactory - << taskConfig executor: null
Jul-13 16:14:12.994 [main] DEBUG nextflow.executor.ExecutorFactory - >> processorType: 'local'
Jul-13 16:14:13.005 [main] DEBUG nextflow.script.ProcessConfig - Config settings `withName:Consensus_Generation_SE` matches process Consensus_Generation_SE
Jul-13 16:14:13.010 [main] DEBUG nextflow.executor.ExecutorFactory - << taskConfig executor: null
Jul-13 16:14:13.010 [main] DEBUG nextflow.executor.ExecutorFactory - >> processorType: 'local'
Jul-13 16:14:13.022 [main] DEBUG nextflow.script.ProcessConfig - Config settings `withName:Serotyping` matches process Serotyping
Jul-13 16:14:13.023 [main] DEBUG nextflow.executor.ExecutorFactory - << taskConfig executor: null
Jul-13 16:14:13.023 [main] DEBUG nextflow.executor.ExecutorFactory - >> processorType: 'local'
Jul-13 16:14:13.033 [main] DEBUG nextflow.script.ProcessConfig - Config settings `withName:Summary_Generation` matches process Summary_Generation
Jul-13 16:14:13.034 [main] DEBUG nextflow.executor.ExecutorFactory - << taskConfig executor: null
Jul-13 16:14:13.034 [main] DEBUG nextflow.executor.ExecutorFactory - >> processorType: 'local'
Jul-13 16:14:13.047 [main] DEBUG nextflow.script.ProcessConfig - Config settings `withName:Final_Processing` matches process Final_Processing
Jul-13 16:14:13.048 [main] DEBUG nextflow.executor.ExecutorFactory - << taskConfig executor: null
Jul-13 16:14:13.049 [main] DEBUG nextflow.executor.ExecutorFactory - >> processorType: 'local'
Jul-13 16:14:13.053 [main] DEBUG nextflow.Session - Workflow process names [dsl2]: Final_Processing, Aligning_SE, Consensus_Generation_Prep_SE, Aligning_PE, Consensus_Generation_SE, Trimming_SE, Consensus_Generation_Prep_PE, Summary_Generation, Viral_Identification, Consensus_Generation_PE, Trimming_PE, Serotyping
Jul-13 16:14:13.054 [main] DEBUG nextflow.Session - Ignite dataflow network (9)
Jul-13 16:14:13.063 [PathVisitor-1] DEBUG nextflow.file.PathVisitor - files for syntax: glob; folder: example/; pattern: *{.fastq.gz,.fastq}; options: [:]
Jul-13 16:14:13.064 [main] DEBUG nextflow.processor.TaskProcessor - Starting process > Trimming_SE
Jul-13 16:14:13.065 [main] DEBUG nextflow.processor.TaskProcessor - Starting process > Aligning_SE
Jul-13 16:14:13.065 [main] DEBUG nextflow.processor.TaskProcessor - Starting process > Viral_Identification
Jul-13 16:14:13.066 [main] DEBUG nextflow.processor.TaskProcessor - Starting process > Consensus_Generation_Prep_SE
Jul-13 16:14:13.067 [main] DEBUG nextflow.processor.TaskProcessor - Starting process > Consensus_Generation_SE
Jul-13 16:14:13.069 [main] DEBUG nextflow.processor.TaskProcessor - Starting process > Serotyping
Jul-13 16:14:13.071 [main] DEBUG nextflow.processor.TaskProcessor - Starting process > Summary_Generation
Jul-13 16:14:13.071 [main] DEBUG nextflow.processor.TaskProcessor - Starting process > Final_Processing
Jul-13 16:14:13.072 [main] DEBUG nextflow.script.ScriptRunner - > Await termination 
Jul-13 16:14:13.072 [main] DEBUG nextflow.Session - Session await
Jul-13 16:14:13.265 [Task submitter] DEBUG nextflow.executor.LocalTaskHandler - Launch cmd line: /bin/bash -ue .command.run
Jul-13 16:14:13.269 [Task submitter] INFO  nextflow.Session - [6d/76d7d5] Submitted process > Trimming_SE (1)
Jul-13 16:14:27.497 [Task monitor] DEBUG n.processor.TaskPollingMonitor - Task completed > TaskHandler[id: 1; name: Trimming_SE (1); status: COMPLETED; exit: 0; error: -; workDir: /Users/greningerlab/AS/revica/work/6d/76d7d54e812728feda571040632429]
Jul-13 16:14:27.517 [Task submitter] DEBUG nextflow.executor.LocalTaskHandler - Launch cmd line: /bin/bash -ue .command.run
Jul-13 16:14:27.517 [Task submitter] INFO  nextflow.Session - [11/37400a] Submitted process > Aligning_SE (1)
Jul-13 16:14:27.521 [Task monitor] DEBUG n.util.BlockingThreadExecutorFactory - Thread pool name=FileTransfer; maxThreads=60; maxQueueSize=180; keepAlive=1m
Jul-13 16:14:38.539 [Task monitor] DEBUG n.processor.TaskPollingMonitor - Task completed > TaskHandler[id: 2; name: Aligning_SE (1); status: COMPLETED; exit: 0; error: -; workDir: /Users/greningerlab/AS/revica/work/11/37400a0650cbb969b7958170ac005a]
Jul-13 16:14:38.558 [Task submitter] DEBUG nextflow.executor.LocalTaskHandler - Launch cmd line: /bin/bash -ue .command.run
Jul-13 16:14:38.559 [Task submitter] INFO  nextflow.Session - [1d/b18fb7] Submitted process > Viral_Identification (1)
Jul-13 16:14:38.730 [Task monitor] DEBUG n.processor.TaskPollingMonitor - Task completed > TaskHandler[id: 3; name: Viral_Identification (1); status: COMPLETED; exit: 0; error: -; workDir: /Users/greningerlab/AS/revica/work/1d/b18fb76a2a10e4b8df8f15f591af2c]
Jul-13 16:14:38.782 [Task monitor] DEBUG nextflow.processor.TaskProcessor - Process Viral_Identification > Skipping output binding because one or more optional files are missing: fileoutparam<1>
Jul-13 16:14:38.789 [Task submitter] DEBUG nextflow.executor.LocalTaskHandler - Launch cmd line: /bin/bash -ue .command.run
Jul-13 16:14:38.789 [Task submitter] INFO  nextflow.Session - [e6/d0dba9] Submitted process > Consensus_Generation_Prep_SE (1)
Jul-13 16:14:38.791 [Task submitter] DEBUG nextflow.executor.LocalTaskHandler - Launch cmd line: /bin/bash -ue .command.run
Jul-13 16:14:38.791 [Task submitter] INFO  nextflow.Session - [52/515ac8] Submitted process > Consensus_Generation_Prep_SE (2)
Jul-13 16:14:39.046 [Task monitor] DEBUG n.processor.TaskPollingMonitor - Task completed > TaskHandler[id: 4; name: Consensus_Generation_Prep_SE (1); status: COMPLETED; exit: 0; error: -; workDir: /Users/greningerlab/AS/revica/work/e6/d0dba92141042fa3a4a1e6c28fe83c]
Jul-13 16:14:39.052 [Task monitor] DEBUG n.processor.TaskPollingMonitor - Task completed > TaskHandler[id: 5; name: Consensus_Generation_Prep_SE (2); status: COMPLETED; exit: 0; error: -; workDir: /Users/greningerlab/AS/revica/work/52/515ac8ae6e2388f8aa784441a315b4]
Jul-13 16:14:39.071 [Task submitter] DEBUG nextflow.executor.LocalTaskHandler - Launch cmd line: /bin/bash -ue .command.run
Jul-13 16:14:39.071 [Task submitter] INFO  nextflow.Session - [44/853a8b] Submitted process > Consensus_Generation_SE (1)
Jul-13 16:14:39.074 [Task submitter] DEBUG nextflow.executor.LocalTaskHandler - Launch cmd line: /bin/bash -ue .command.run
Jul-13 16:14:39.074 [Task submitter] INFO  nextflow.Session - [84/45bf5b] Submitted process > Consensus_Generation_SE (2)
Jul-13 16:15:04.177 [Task monitor] DEBUG n.processor.TaskPollingMonitor - Task completed > TaskHandler[id: 6; name: Consensus_Generation_SE (1); status: COMPLETED; exit: 0; error: -; workDir: /Users/greningerlab/AS/revica/work/44/853a8b3025d2fce6fe9aef5419423b]
Jul-13 16:15:04.203 [Task submitter] DEBUG nextflow.executor.LocalTaskHandler - Launch cmd line: /bin/bash -ue .command.run
Jul-13 16:15:04.203 [Task submitter] INFO  nextflow.Session - [2b/3c8f93] Submitted process > Serotyping (1)
Jul-13 16:15:06.196 [Task monitor] DEBUG n.processor.TaskPollingMonitor - Task completed > TaskHandler[id: 8; name: Serotyping (1); status: COMPLETED; exit: 0; error: -; workDir: /Users/greningerlab/AS/revica/work/2b/3c8f9374c690cd29f1a9fc72b685a8]
Jul-13 16:15:06.223 [Task submitter] DEBUG nextflow.executor.LocalTaskHandler - Launch cmd line: /bin/bash -ue .command.run
Jul-13 16:15:06.223 [Task submitter] INFO  nextflow.Session - [fd/fb4d7e] Submitted process > Summary_Generation (1)
Jul-13 16:15:06.459 [Task monitor] DEBUG n.processor.TaskPollingMonitor - Task completed > TaskHandler[id: 7; name: Consensus_Generation_SE (2); status: COMPLETED; exit: 0; error: -; workDir: /Users/greningerlab/AS/revica/work/84/45bf5b3d9b77e7299be907cf6170c6]
Jul-13 16:15:06.471 [Task submitter] DEBUG nextflow.executor.LocalTaskHandler - Launch cmd line: /bin/bash -ue .command.run
Jul-13 16:15:06.472 [Task submitter] INFO  nextflow.Session - [13/086f0d] Submitted process > Serotyping (2)
Jul-13 16:15:06.474 [Task monitor] DEBUG n.processor.TaskPollingMonitor - Task completed > TaskHandler[id: 9; name: Summary_Generation (1); status: COMPLETED; exit: 0; error: -; workDir: /Users/greningerlab/AS/revica/work/fd/fb4d7e24e6b45685eb4c535df3c19d]
Jul-13 16:15:07.838 [Task monitor] DEBUG n.processor.TaskPollingMonitor - Task completed > TaskHandler[id: 10; name: Serotyping (2); status: COMPLETED; exit: 0; error: -; workDir: /Users/greningerlab/AS/revica/work/13/086f0d990f2c6f0ce336a8d0b2cd92]
Jul-13 16:15:07.844 [Task submitter] DEBUG nextflow.executor.LocalTaskHandler - Launch cmd line: /bin/bash -ue .command.run
Jul-13 16:15:07.844 [Task submitter] INFO  nextflow.Session - [58/073099] Submitted process > Summary_Generation (2)
Jul-13 16:15:08.030 [Task monitor] DEBUG n.processor.TaskPollingMonitor - Task completed > TaskHandler[id: 11; name: Summary_Generation (2); status: COMPLETED; exit: 0; error: -; workDir: /Users/greningerlab/AS/revica/work/58/07309917950961560cb733ed2503d6]
Jul-13 16:15:08.046 [Task submitter] DEBUG nextflow.executor.LocalTaskHandler - Launch cmd line: /bin/bash -ue .command.run
Jul-13 16:15:08.046 [Task submitter] INFO  nextflow.Session - [4b/2ef77f] Submitted process > Final_Processing
Jul-13 16:15:08.168 [Task monitor] DEBUG n.processor.TaskPollingMonitor - Task completed > TaskHandler[id: 12; name: Final_Processing; status: COMPLETED; exit: 0; error: -; workDir: /Users/greningerlab/AS/revica/work/4b/2ef77f9ee067cf5185a8bd9b1439a1]
Jul-13 16:15:08.168 [Task monitor] DEBUG nextflow.processor.TaskProcessor - Process `Final_Processing` is unable to find [UnixPath]: `/Users/greningerlab/AS/revica/work/4b/2ef77f9ee067cf5185a8bd9b1439a1/failed_assembly_summary.tsv` (pattern: `failed_assembly_summary.tsv`)
Jul-13 16:15:08.168 [Task monitor] DEBUG nextflow.processor.TaskProcessor - Process Final_Processing > Skipping output binding because one or more optional files are missing: fileoutparam<1>
Jul-13 16:15:08.170 [main] DEBUG nextflow.Session - Session await > all process finished
Jul-13 16:15:08.170 [main] DEBUG nextflow.Session - Session await > all barriers passed
Jul-13 16:15:08.339 [main] DEBUG nextflow.trace.WorkflowStatsObserver - Workflow completed > WorkflowStats[succeededCount=12; failedCount=0; ignoredCount=0; cachedCount=0; pendingCount=0; submittedCount=0; runningCount=0; retriesCount=0; abortedCount=0; succeedDuration=9m 3s; failedDuration=0ms; cachedDuration=0ms;loadCpus=0; loadMemory=0; peakRunning=2; peakCpus=16; peakMemory=16 GB; ]
Jul-13 16:15:08.378 [main] DEBUG nextflow.CacheDB - Closing CacheDB done
Jul-13 16:15:08.393 [main] DEBUG nextflow.script.ScriptRunner - > Execution complete -- Goodbye
