Minimum Quality: 20
Threshold: 0.6
Minimum depth: 5
Regions with depth less than minimum depth covered by: N
Reference length: 30716
Positions with 0 depth: 0
Positions with depth below 5: 107
Minimum Quality: 20
Threshold: 0.6
Minimum depth: 5
Regions with depth less than minimum depth covered by: N
Reference length: 30672
Positions with 0 depth: 0
Positions with depth below 5: 63
Minimum Quality: 20
Threshold: 0.6
Minimum depth: 5
Regions with depth less than minimum depth covered by: N
Reference length: 30672
Positions with 0 depth: 0
Positions with depth below 5: 63
